SF:lib\models\cart_item.dart
DA:10,5
DA:18,0
DA:20,6
DA:21,6
DA:22,3
DA:23,6
DA:24,3
DA:25,6
DA:26,3
DA:27,3
DA:30,8
DA:31,4
DA:32,4
DA:33,4
DA:34,4
DA:35,4
DA:36,4
DA:37,4
LF:18
LH:17
end_of_record
SF:lib\repositories\cart_repository.dart
DA:15,4
DA:17,3
DA:19,3
DA:20,3
DA:21,2
DA:22,4
DA:24,2
DA:26,8
DA:28,2
DA:30,8
DA:31,2
DA:32,8
DA:35,2
DA:36,2
DA:37,1
DA:41,3
DA:42,15
DA:44,3
DA:45,3
DA:46,6
DA:47,6
DA:51,3
DA:53,2
DA:54,2
DA:55,10
DA:56,2
DA:62,1
DA:63,1
DA:64,1
DA:65,0
DA:67,2
DA:68,0
DA:69,0
DA:71,1
DA:72,2
LF:35
LH:32
end_of_record
SF:lib\view_models\cart_view_model.dart
DA:11,4
DA:12,2
DA:13,6
DA:14,2
DA:17,2
DA:18,5
DA:19,6
DA:20,4
DA:21,5
DA:23,4
DA:25,6
DA:26,2
DA:29,1
DA:30,5
DA:31,3
DA:32,1
DA:35,2
DA:36,10
DA:37,4
DA:38,8
DA:39,6
DA:40,2
DA:44,1
DA:46,3
DA:47,2
DA:48,2
DA:49,1
LF:27
LH:27
end_of_record
SF:lib\main.dart
DA:15,0
DA:16,0
DA:21,0
DA:22,0
DA:23,0
DA:24,0
DA:25,0
DA:26,0
DA:29,0
DA:32,0
DA:33,0
DA:34,0
DA:38,8
DA:42,0
DA:44,2
DA:46,2
DA:49,2
DA:50,2
DA:54,2
DA:55,0
DA:56,0
DA:57,1
DA:58,0
DA:59,0
DA:61,1
DA:62,1
DA:64,1
DA:66,6
DA:67,2
DA:70,1
DA:71,1
DA:72,1
DA:73,0
DA:74,1
DA:75,1
DA:76,1
DA:77,1
DA:81,3
DA:82,3
DA:83,2
DA:84,2
DA:85,1
DA:87,2
LF:43
LH:25
end_of_record
SF:lib\helpers\search_helper.dart
DA:6,4
DA:7,3
DA:9,1
DA:10,3
DA:11,2
DA:12,1
DA:14,2
DA:15,6
DA:16,1
LF:9
LH:9
end_of_record
SF:lib\models\product.dart
DA:12,11
DA:22,9
DA:23,9
DA:25,9
DA:27,27
DA:28,27
DA:29,9
DA:32,18
DA:34,18
DA:35,9
DA:38,9
DA:39,9
DA:40,9
DA:41,9
DA:42,9
DA:49,4
DA:50,4
DA:51,4
DA:52,4
DA:53,4
DA:54,4
DA:55,4
DA:56,6
LF:23
LH:23
end_of_record
SF:lib\repositories\product_repository.dart
DA:16,8
DA:18,5
DA:21,15
DA:22,5
DA:23,5
DA:25,15
DA:26,5
DA:28,0
DA:31,0
DA:35,3
DA:37,3
DA:39,12
DA:45,3
DA:47,3
DA:48,15
LF:15
LH:13
end_of_record
SF:lib\views\product_page.dart
DA:10,2
DA:12,5
DA:13,5
DA:25,5
DA:27,5
DA:28,10
DA:29,20
DA:30,5
DA:31,4
DA:33,2
DA:34,8
DA:35,3
DA:36,6
DA:40,0
DA:41,0
DA:44,0
DA:48,5
DA:51,15
DA:52,5
DA:53,5
DA:55,7
DA:56,5
DA:60,4
DA:61,9
DA:62,1
DA:68,18
DA:70,9
DA:73,2
DA:74,6
DA:75,0
DA:81,5
DA:82,5
DA:83,5
DA:84,5
DA:85,5
DA:88,5
DA:90,5
DA:91,5
DA:94,5
DA:95,5
DA:96,5
DA:98,5
DA:99,5
DA:100,5
DA:104,5
DA:105,5
DA:106,5
DA:117,5
DA:127,2
DA:128,2
DA:129,2
DA:138,2
DA:148,4
DA:167,5
DA:168,5
DA:169,5
DA:170,20
DA:171,5
DA:172,0
DA:173,0
DA:187,5
DA:188,5
DA:189,5
DA:190,5
DA:191,5
DA:192,5
DA:193,10
DA:194,10
DA:195,5
DA:196,0
DA:197,0
DA:205,5
DA:207,5
DA:209,5
DA:210,5
DA:211,10
DA:213,5
DA:215,5
DA:217,5
DA:218,5
DA:220,15
DA:221,0
DA:227,15
DA:229,5
DA:231,15
DA:232,0
DA:246,5
DA:248,5
DA:249,1
DA:252,2
DA:257,0
DA:262,0
DA:263,0
DA:264,0
DA:265,0
DA:266,0
DA:270,0
DA:271,0
DA:272,0
DA:273,0
DA:277,0
DA:278,0
DA:279,0
DA:281,0
DA:283,0
DA:284,0
DA:287,5
DA:290,5
DA:291,5
DA:300,5
DA:302,5
DA:303,0
DA:304,5
DA:307,5
DA:308,5
DA:315,5
DA:316,5
DA:317,0
LF:118
LH:90
end_of_record
SF:lib\views\about.dart
DA:5,2
DA:9,1
DA:11,1
DA:12,1
DA:13,1
DA:15,1
DA:17,1
DA:19,1
DA:20,1
DA:21,1
DA:24,1
DA:28,1
DA:29,2
DA:32,1
DA:34,1
DA:35,1
DA:38,1
DA:40,1
DA:41,1
DA:43,1
DA:48,1
DA:50,1
DA:51,1
DA:54,1
DA:56,1
DA:57,1
DA:59,1
DA:61,1
DA:62,1
DA:64,1
DA:69,1
DA:70,2
DA:72,1
DA:73,2
LF:34
LH:34
end_of_record
SF:lib\views\collections.dart
DA:12,3
DA:14,2
DA:15,2
DA:22,2
DA:24,5
DA:26,2
DA:27,2
DA:29,2
DA:31,2
DA:32,2
DA:33,2
DA:34,2
DA:37,2
DA:42,2
DA:43,2
DA:44,2
DA:45,4
DA:48,2
DA:49,2
DA:55,8
DA:56,6
DA:58,6
DA:60,2
DA:62,2
DA:63,2
DA:66,2
DA:68,8
DA:73,2
DA:74,2
DA:75,2
DA:76,2
DA:77,0
DA:78,0
DA:79,0
DA:81,2
DA:84,2
DA:85,2
DA:86,2
DA:88,2
DA:89,2
DA:90,2
DA:91,2
DA:94,2
DA:95,2
DA:96,2
DA:104,2
DA:109,2
DA:110,2
DA:128,2
DA:130,2
DA:131,2
DA:132,4
DA:133,0
DA:137,2
DA:139,6
DA:141,2
DA:142,4
DA:143,0
LF:58
LH:53
end_of_record
SF:lib\views\collection_page.dart
DA:13,5
DA:20,5
DA:21,5
DA:52,5
DA:54,5
DA:55,13
DA:56,20
DA:58,15
DA:59,15
DA:66,0
DA:68,0
DA:69,0
DA:70,0
DA:74,5
DA:76,15
DA:80,5
DA:83,5
DA:86,5
DA:93,5
DA:94,5
DA:96,5
DA:98,5
DA:99,5
DA:100,5
DA:101,5
DA:111,10
DA:112,0
DA:114,0
DA:115,0
DA:124,5
DA:127,5
DA:129,5
DA:131,5
DA:132,5
DA:133,5
DA:134,5
DA:135,5
DA:137,5
DA:138,5
DA:140,5
DA:142,5
DA:147,5
DA:148,5
DA:149,5
DA:150,10
DA:151,15
DA:152,5
DA:153,10
DA:155,5
DA:156,0
DA:158,0
DA:159,0
DA:172,5
DA:173,5
DA:175,5
DA:176,5
DA:178,5
DA:180,5
DA:184,5
DA:185,5
DA:186,5
DA:187,5
DA:188,5
DA:189,15
DA:191,5
DA:193,5
DA:194,1
DA:196,2
DA:197,1
DA:217,5
DA:218,5
DA:219,5
DA:220,10
DA:224,4
DA:226,4
DA:229,1
DA:235,1
DA:236,0
DA:237,0
DA:238,0
DA:240,1
DA:244,8
DA:245,4
DA:246,0
DA:247,0
DA:248,0
DA:249,4
DA:250,0
DA:251,0
DA:252,0
DA:253,4
DA:254,1
DA:255,2
DA:256,3
DA:257,4
DA:258,0
DA:259,0
DA:260,0
DA:266,8
DA:269,0
DA:270,0
DA:271,0
DA:273,4
DA:276,12
DA:278,12
DA:280,4
DA:282,4
DA:283,4
DA:284,4
DA:293,4
DA:297,4
DA:303,4
DA:304,3
DA:305,3
DA:307,23
DA:309,5
DA:310,6
DA:311,2
DA:312,3
DA:313,0
DA:314,0
DA:315,3
DA:316,3
DA:319,3
DA:320,3
LF:125
LH:98
end_of_record
SF:lib\views\login.dart
DA:4,2
DA:6,1
DA:7,1
DA:15,1
DA:17,1
DA:18,3
DA:19,3
DA:20,2
DA:21,5
DA:25,1
DA:27,2
DA:28,1
DA:31,1
DA:33,1
DA:34,1
DA:36,1
DA:37,1
DA:39,4
DA:40,3
DA:42,1
DA:43,1
DA:45,1
DA:46,2
DA:47,1
DA:49,2
DA:50,2
DA:52,0
DA:53,1
DA:55,1
DA:57,1
DA:59,1
DA:61,1
DA:62,0
DA:63,0
DA:64,1
DA:67,1
DA:81,1
DA:83,1
DA:84,0
DA:85,0
DA:90,1
DA:93,1
DA:94,1
DA:103,1
DA:104,1
DA:112,1
DA:113,1
DA:114,1
DA:118,1
DA:120,1
DA:121,1
DA:124,1
DA:130,1
DA:131,1
DA:133,2
DA:135,1
DA:136,1
DA:138,2
DA:144,1
DA:146,1
DA:147,1
DA:148,0
DA:149,0
DA:154,1
DA:155,1
DA:157,1
DA:160,1
DA:161,1
LF:68
LH:61
end_of_record
SF:lib\views\cart_page.dart
DA:6,2
DA:7,1
DA:8,1
DA:12,1
DA:14,1
DA:15,2
DA:18,0
DA:20,1
DA:22,2
DA:23,1
DA:26,1
DA:29,1
DA:30,1
DA:31,2
DA:32,1
DA:34,0
DA:36,0
DA:37,0
DA:38,0
DA:39,0
DA:40,0
DA:42,0
DA:44,0
DA:45,0
DA:46,0
DA:47,0
DA:55,1
DA:58,3
DA:59,2
DA:60,1
DA:62,1
DA:63,3
DA:64,1
DA:65,1
DA:67,1
DA:68,7
DA:71,2
DA:72,1
DA:74,0
DA:77,0
DA:78,0
DA:79,0
DA:80,0
DA:84,3
DA:85,1
DA:87,0
DA:90,0
DA:91,0
DA:92,0
DA:93,0
DA:97,1
DA:99,0
DA:102,0
DA:103,0
DA:104,0
DA:105,0
DA:111,1
DA:113,1
DA:116,1
DA:118,1
DA:120,1
DA:122,1
DA:124,1
DA:125,8
DA:129,1
DA:130,1
DA:132,0
DA:133,0
DA:134,0
DA:136,0
DA:139,0
DA:140,0
DA:141,0
DA:143,0
DA:144,0
DA:148,0
DA:149,0
DA:150,0
DA:151,0
LF:79
LH:39
end_of_record
SF:lib\views\search_screen.dart
DA:7,2
DA:9,1
DA:10,1
DA:17,1
DA:19,1
DA:20,1
DA:22,2
DA:27,1
DA:29,1
DA:32,0
DA:33,0
DA:34,0
DA:39,2
DA:40,0
DA:41,0
DA:42,0
DA:43,0
DA:44,0
DA:45,0
DA:46,0
DA:47,0
DA:48,0
DA:49,0
DA:50,0
DA:51,0
DA:54,0
DA:55,0
DA:58,0
DA:60,0
DA:61,0
DA:67,0
DA:73,0
DA:78,0
DA:79,0
LF:34
LH:10
end_of_record
SF:lib\views\home_view.dart
DA:10,2
DA:11,2
DA:12,14
DA:13,2
DA:16,0
DA:19,0
DA:20,0
DA:21,0
DA:22,0
DA:23,0
DA:25,0
DA:26,0
DA:29,0
DA:30,0
DA:36,0
DA:37,0
DA:38,0
DA:39,0
DA:41,0
DA:42,0
DA:44,0
DA:48,2
DA:50,2
DA:52,4
DA:53,2
DA:55,2
DA:58,2
DA:60,2
DA:67,2
DA:69,2
DA:71,2
DA:72,2
DA:73,2
DA:74,2
DA:75,2
DA:76,2
DA:78,2
DA:80,2
DA:81,2
DA:82,2
DA:83,2
DA:84,2
DA:85,2
DA:86,2
DA:87,4
DA:90,2
DA:103,6
DA:104,4
DA:105,6
DA:108,0
DA:110,0
DA:111,0
DA:113,0
DA:115,0
DA:117,0
DA:118,0
DA:120,0
DA:122,0
DA:123,0
DA:125,0
DA:126,0
DA:127,0
DA:132,0
DA:133,0
DA:134,0
DA:136,0
DA:137,0
DA:138,0
DA:140,0
DA:141,0
DA:142,0
DA:147,0
DA:148,0
DA:150,0
DA:151,0
DA:152,0
DA:154,0
DA:155,0
DA:156,0
DA:167,6
DA:168,2
DA:169,2
DA:170,2
DA:171,2
DA:173,4
DA:174,2
DA:176,2
DA:198,2
DA:200,2
DA:201,4
DA:202,2
DA:203,4
DA:204,6
DA:205,2
DA:207,2
DA:208,2
DA:209,2
DA:211,2
DA:218,4
DA:219,6
DA:220,2
DA:222,0
DA:223,0
DA:225,2
DA:227,2
DA:228,2
DA:229,2
DA:231,2
DA:233,2
DA:234,2
DA:235,4
DA:236,6
DA:238,0
DA:241,4
DA:242,2
DA:243,2
DA:244,2
DA:245,6
DA:246,2
DA:247,2
DA:248,4
DA:278,2
DA:280,2
DA:282,4
DA:283,4
DA:284,2
DA:285,0
DA:287,0
DA:288,0
DA:295,2
DA:297,2
DA:298,4
DA:301,2
DA:302,6
DA:303,8
DA:304,4
DA:305,6
DA:306,2
DA:307,2
DA:308,2
DA:309,2
DA:312,2
DA:313,2
DA:314,2
LF:144
LH:91
end_of_record
SF:lib\widgets\product_card.dart
DA:11,7
DA:19,5
DA:21,5
DA:22,5
DA:23,5
DA:24,5
DA:25,5
DA:26,5
LF:8
LH:8
end_of_record
SF:lib\models\collection.dart
DA:10,5
DA:17,4
DA:18,4
DA:19,8
DA:20,8
DA:21,8
DA:22,8
DA:26,2
DA:27,2
DA:28,2
DA:29,3
DA:30,3
DA:33,1
DA:35,1
DA:36,1
DA:37,0
DA:38,1
DA:39,1
DA:43,1
DA:46,1
DA:47,3
DA:48,3
DA:49,3
DA:50,3
DA:53,4
DA:54,20
LF:26
LH:25
end_of_record
SF:lib\models\hero_slide.dart
DA:8,4
DA:16,8
DA:17,4
DA:18,4
DA:19,4
DA:20,4
DA:21,4
LF:7
LH:7
end_of_record
SF:lib\models\home_config.dart
DA:7,3
DA:14,3
DA:15,6
DA:17,3
DA:18,3
DA:20,6
DA:21,3
DA:23,9
DA:24,9
DA:25,3
DA:26,9
DA:31,3
DA:32,3
DA:33,3
DA:34,3
LF:15
LH:15
end_of_record
SF:lib\repositories\collection_repository.dart
DA:16,3
DA:18,3
DA:21,9
DA:22,2
DA:23,2
DA:25,6
DA:26,2
DA:28,0
DA:31,1
DA:35,2
DA:37,2
DA:39,8
LF:12
LH:11
end_of_record
SF:lib\repositories\home_repository.dart
DA:16,3
DA:29,3
DA:35,3
DA:37,9
DA:38,2
DA:39,4
DA:40,4
DA:43,4
DA:44,0
DA:47,2
DA:49,6
DA:50,2
DA:51,2
DA:52,4
DA:55,2
DA:57,2
DA:58,4
DA:59,4
DA:60,2
DA:61,4
DA:66,2
DA:67,0
DA:68,0
DA:69,0
DA:70,0
DA:71,0
DA:73,0
DA:74,0
DA:77,2
DA:80,2
DA:81,2
DA:82,2
DA:90,2
DA:91,1
DA:92,1
DA:93,3
DA:94,2
DA:95,1
DA:99,1
LF:39
LH:31
end_of_record
SF:lib\widgets\shared_layout.dart
DA:6,15
DA:8,0
DA:9,0
DA:12,0
DA:13,0
DA:16,0
DA:20,16
DA:23,16
DA:24,16
DA:25,16
DA:27,16
DA:29,16
DA:32,16
DA:33,16
DA:34,16
DA:53,16
DA:54,16
DA:56,16
DA:57,16
DA:58,16
DA:59,0
DA:60,0
DA:62,16
DA:66,14
DA:67,14
DA:68,14
DA:80,16
DA:82,16
DA:84,16
DA:85,16
DA:87,16
DA:88,32
DA:90,64
DA:98,16
DA:109,1
DA:110,1
DA:112,2
DA:113,0
DA:117,16
DA:128,0
DA:131,16
DA:142,0
DA:143,0
DA:147,32
DA:149,64
DA:151,16
DA:153,16
DA:154,16
DA:155,0
DA:156,0
DA:160,16
DA:162,0
DA:173,0
DA:174,0
DA:181,16
DA:182,0
DA:186,16
DA:187,0
DA:188,0
DA:195,0
DA:202,0
DA:205,0
DA:206,0
DA:207,0
DA:210,0
DA:215,0
DA:226,0
DA:227,0
DA:243,0
DA:244,0
DA:245,0
DA:246,0
DA:247,0
DA:249,0
DA:250,0
DA:252,0
DA:269,32
DA:273,16
DA:275,16
DA:277,16
DA:279,16
DA:280,16
DA:282,16
DA:283,16
DA:284,16
DA:285,16
DA:286,16
DA:287,16
DA:288,16
DA:289,16
DA:290,16
DA:291,16
DA:292,16
DA:293,16
DA:294,16
DA:295,16
DA:296,16
DA:297,16
DA:298,16
DA:301,16
DA:303,16
DA:304,16
DA:305,16
DA:306,0
DA:312,16
DA:313,16
DA:314,16
DA:321,16
DA:323,16
DA:325,16
DA:326,16
DA:327,16
DA:329,16
DA:330,32
DA:344,16
DA:346,16
DA:347,0
DA:348,16
LF:118
LH:80
end_of_record
SF:lib\widgets\hero_carousel.dart
DA:9,3
DA:11,3
DA:12,3
DA:23,3
DA:25,3
DA:26,6
DA:27,7
DA:28,3
DA:29,5
DA:32,3
DA:34,3
DA:37,3
DA:39,6
DA:40,3
DA:42,9
DA:43,3
DA:44,15
DA:50,3
DA:51,3
DA:52,9
DA:53,0
DA:54,0
DA:55,0
DA:56,0
DA:57,0
DA:58,0
DA:59,0
DA:66,3
DA:67,6
DA:68,3
DA:72,1
DA:74,2
DA:75,1
DA:76,2
DA:79,3
DA:81,3
DA:82,4
DA:83,6
DA:84,3
DA:87,3
DA:89,13
DA:90,3
DA:91,2
DA:93,2
DA:94,2
DA:102,3
DA:104,3
DA:105,3
DA:106,3
DA:107,3
DA:108,3
DA:109,3
DA:110,3
DA:111,3
DA:113,3
DA:114,6
DA:116,1
DA:117,2
DA:118,6
DA:119,3
DA:120,3
DA:122,3
DA:123,6
DA:130,6
DA:134,3
DA:135,1
DA:136,1
DA:137,1
DA:138,1
DA:141,6
DA:152,3
DA:156,3
DA:157,3
DA:161,1
DA:163,5
DA:164,2
DA:167,1
DA:172,3
DA:176,3
DA:177,3
DA:181,1
DA:182,4
DA:183,2
DA:186,1
DA:192,3
DA:196,3
DA:197,3
DA:199,3
DA:200,3
DA:201,6
DA:202,0
DA:203,0
DA:206,0
DA:208,3
DA:212,3
DA:213,6
LF:96
LH:86
end_of_record
SF:lib\widgets\product_card_impl.dart
DA:12,5
DA:20,6
DA:22,6
DA:25,12
DA:26,6
DA:27,1
DA:28,1
DA:29,3
DA:31,6
DA:33,6
DA:37,12
DA:38,12
DA:39,0
DA:41,6
DA:42,12
DA:44,6
DA:45,18
LF:17
LH:16
end_of_record
SF:lib\widgets\product_image_area.dart
DA:6,6
DA:8,8
DA:11,8
DA:12,16
DA:13,3
DA:14,3
DA:19,7
DA:20,7
DA:24,5
DA:25,5
DA:26,5
LF:11
LH:11
end_of_record
SF:lib\widgets\product_info_area.dart
DA:8,6
DA:14,7
DA:16,7
DA:19,7
DA:21,7
DA:23,7
DA:25,7
DA:27,7
DA:28,7
DA:39,12
DA:40,5
DA:41,5
DA:42,5
DA:43,5
DA:51,5
DA:52,5
DA:60,6
DA:61,6
DA:62,6
LF:19
LH:19
end_of_record
SF:lib\widgets\search_overlay.dart
DA:7,2
DA:9,2
DA:10,2
DA:18,2
DA:20,2
DA:22,2
DA:23,2
DA:26,4
DA:27,4
DA:28,2
DA:29,2
DA:31,0
DA:32,0
DA:33,0
DA:34,0
DA:38,2
DA:39,4
DA:41,4
DA:42,0
DA:43,0
DA:44,0
DA:45,0
DA:46,0
DA:47,0
DA:48,0
DA:49,0
DA:50,0
DA:51,0
DA:52,0
DA:55,0
DA:56,0
DA:60,0
DA:62,0
DA:63,0
DA:69,0
DA:75,0
DA:80,0
DA:81,0
DA:82,0
LF:39
LH:14
end_of_record
